app/build/intermediates/manifest_merge_blame_file/release/manifest-merger-blame-release-report.txt
1<?xml version="1.0" encoding="utf-8"?>
2<manifest xmlns:android="http://schemas.android.com/apk/res/android"
3    package="com.avances.lima"
4    android:versionCode="10"
5    android:versionName="1.0.0" >
6
7    <uses-sdk
8        android:minSdkVersion="23"
8-->src\main\AndroidManifest.xml
9        android:targetSdkVersion="26" />
9-->src\main\AndroidManifest.xml
10
11    <!--
12         The ACCESS_COARSE/FINE_LOCATION permissions are not required to use
13         Google Maps Android API v2, but you must specify either coarse or fine
14         location permissions for the 'MyLocation' functionality.
15    -->
16    <uses-permission android:name="android.permission.ACCESS_FINE_LOCATION" />
16-->src\main\AndroidManifest.xml:11:5-79
16-->src\main\AndroidManifest.xml:11:22-76
17    <uses-permission android:name="android.permission.INTERNET" />
17-->src\main\AndroidManifest.xml:12:5-67
17-->src\main\AndroidManifest.xml:12:22-64
18    <uses-permission android:name="android.permission.ACCESS_COARSE_LOCATION" />
18-->src\main\AndroidManifest.xml:13:5-81
18-->src\main\AndroidManifest.xml:13:22-78
19    <uses-permission android:name="android.permission.CALL_PHONE" />
19-->src\main\AndroidManifest.xml:14:5-69
19-->src\main\AndroidManifest.xml:14:22-66
20    <uses-permission android:name="android.permission.WRITE_EXTERNAL_STORAGE" />
20-->src\main\AndroidManifest.xml:15:5-81
20-->src\main\AndroidManifest.xml:15:22-78
21    <uses-permission android:name="android.permission.READ_EXTERNAL_STORAGE" />
21-->src\main\AndroidManifest.xml:16:5-80
21-->src\main\AndroidManifest.xml:16:22-77
22    <uses-permission android:name="android.permission.RECEIVE_SMS" />
22-->src\main\AndroidManifest.xml:17:5-70
22-->src\main\AndroidManifest.xml:17:22-67
23    <uses-permission android:name="android.permission.READ_SMS" />
23-->src\main\AndroidManifest.xml:18:5-67
23-->src\main\AndroidManifest.xml:18:22-64
24    <uses-permission android:name="android.permission.SEND_SMS" />
24-->src\main\AndroidManifest.xml:19:5-67
24-->src\main\AndroidManifest.xml:19:22-64
25    <uses-permission android:name="android.permission.WRITE_CALENDAR" />
25-->src\main\AndroidManifest.xml:20:5-73
25-->src\main\AndroidManifest.xml:20:22-70
26    <uses-permission android:name="android.permission.READ_CALENDAR" />
26-->src\main\AndroidManifest.xml:21:5-72
26-->src\main\AndroidManifest.xml:21:22-69
27    <uses-permission android:name="android.permission.CAMERA" />
27-->src\main\AndroidManifest.xml:22:5-65
27-->src\main\AndroidManifest.xml:22:22-62
28
29    <uses-feature
29-->src\main\AndroidManifest.xml:23:5-24:35
30        android:name="android.hardware.camera"
30-->src\main\AndroidManifest.xml:23:19-57
31        android:required="true" />
31-->src\main\AndroidManifest.xml:24:9-32
32    <uses-feature
32-->[com.journeyapps:zxing-android-embedded:3.4.0] AndroidManifest.xml:27:5-29:36
33        android:name="android.hardware.camera.front"
33-->[com.journeyapps:zxing-android-embedded:3.4.0] AndroidManifest.xml:28:9-53
34        android:required="false" /> <!-- TODO replace above two with next line after Android 4.2 -->
34-->[com.journeyapps:zxing-android-embedded:3.4.0] AndroidManifest.xml:29:9-33
35    <!-- <uses-feature android:name="android.hardware.camera.any"/> -->
36    <uses-feature
36-->[com.journeyapps:zxing-android-embedded:3.4.0] AndroidManifest.xml:32:5-34:36
37        android:name="android.hardware.camera.autofocus"
37-->[com.journeyapps:zxing-android-embedded:3.4.0] AndroidManifest.xml:33:9-57
38        android:required="false" />
38-->[com.journeyapps:zxing-android-embedded:3.4.0] AndroidManifest.xml:34:9-33
39    <uses-feature
39-->[com.journeyapps:zxing-android-embedded:3.4.0] AndroidManifest.xml:35:5-37:36
40        android:name="android.hardware.camera.flash"
40-->[com.journeyapps:zxing-android-embedded:3.4.0] AndroidManifest.xml:36:9-53
41        android:required="false" />
41-->[com.journeyapps:zxing-android-embedded:3.4.0] AndroidManifest.xml:37:9-33
42    <uses-feature
42-->[com.journeyapps:zxing-android-embedded:3.4.0] AndroidManifest.xml:38:5-40:36
43        android:name="android.hardware.screen.landscape"
43-->[com.journeyapps:zxing-android-embedded:3.4.0] AndroidManifest.xml:39:9-57
44        android:required="false" />
44-->[com.journeyapps:zxing-android-embedded:3.4.0] AndroidManifest.xml:40:9-33
45    <uses-feature
45-->[com.journeyapps:zxing-android-embedded:3.4.0] AndroidManifest.xml:41:5-43:36
46        android:name="android.hardware.wifi"
46-->[com.journeyapps:zxing-android-embedded:3.4.0] AndroidManifest.xml:42:9-45
47        android:required="false" />
47-->[com.journeyapps:zxing-android-embedded:3.4.0] AndroidManifest.xml:43:9-33
48
49    <uses-permission android:name="android.permission.ACCESS_NETWORK_STATE" />
49-->[com.google.firebase:firebase-inappmessaging-display:17.1.1] AndroidManifest.xml:11:5-79
49-->[com.google.firebase:firebase-inappmessaging-display:17.1.1] AndroidManifest.xml:11:22-76
50
51    <uses-feature
51-->[com.google.android.gms:play-services-maps:16.1.0] AndroidManifest.xml:26:5-28:35
52        android:glEsVersion="0x00020000"
52-->[com.google.android.gms:play-services-maps:16.1.0] AndroidManifest.xml:27:9-41
53        android:required="true" />
53-->[com.google.android.gms:play-services-maps:16.1.0] AndroidManifest.xml:28:9-32
54
55    <uses-permission android:name="android.permission.ACCESS_WIFI_STATE" /> <!-- Required for CrashReporterJobIntentService on API levels below 25 -->
55-->[com.mapbox.mapboxsdk:mapbox-android-sdk:8.5.0] AndroidManifest.xml:18:5-76
55-->[com.mapbox.mapboxsdk:mapbox-android-sdk:8.5.0] AndroidManifest.xml:18:22-73
56    <uses-permission android:name="android.permission.WAKE_LOCK" /> <!-- Required by older versions of Google Play services to create IID tokens -->
56-->[com.mapbox.mapboxsdk:mapbox-android-telemetry:4.5.1] AndroidManifest.xml:12:5-68
56-->[com.mapbox.mapboxsdk:mapbox-android-telemetry:4.5.1] AndroidManifest.xml:12:22-65
57    <uses-permission android:name="com.google.android.c2dm.permission.RECEIVE" />
57-->[com.google.firebase:firebase-iid:18.0.0] AndroidManifest.xml:26:5-82
57-->[com.google.firebase:firebase-iid:18.0.0] AndroidManifest.xml:26:22-79
58    <uses-permission android:name="com.google.android.finsky.permission.BIND_GET_INSTALL_REFERRER_SERVICE" />
58-->[com.google.android.gms:play-services-measurement:16.4.0] AndroidManifest.xml:26:5-110
58-->[com.google.android.gms:play-services-measurement:16.4.0] AndroidManifest.xml:26:22-107
59
60    <application
60-->src\main\AndroidManifest.xml:26:5-137:19
61        android:allowBackup="true"
61-->src\main\AndroidManifest.xml:27:9-35
62        android:appComponentFactory="androidx.core.app.CoreComponentFactory"
62-->[androidx.core:core:1.0.1] AndroidManifest.xml:22:18-86
63        android:hardwareAccelerated="true"
63-->src\main\AndroidManifest.xml:28:9-43
64        android:icon="@mipmap/iconolima"
64-->src\main\AndroidManifest.xml:29:9-41
65        android:label="@string/app_name"
65-->src\main\AndroidManifest.xml:30:9-41
66        android:largeHeap="true"
66-->src\main\AndroidManifest.xml:31:9-33
67        android:supportsRtl="true"
67-->[com.facebook.android:facebook-android-sdk:5.8.0] AndroidManifest.xml:28:18-44
68        android:testOnly="true"
69        android:theme="@style/AppTheme" >
69-->src\main\AndroidManifest.xml:32:9-40
70
71        <!--
72             The API key for Google Maps-based APIs is defined as a string resource.
73             (See the file "res/values/google_maps_api.xml").
74             Note that the API key is linked to the encryption key used to sign the APK.
75             You need a different API key for each encryption key, including the release key that is used to
76             sign the APK for publishing.
77             You can define the keys for the debug and release targets in src/debug/ and src/release/.
78        -->
79        <meta-data
79-->src\main\AndroidManifest.xml:42:9-44:55
80            android:name="com.google.android.geo.API_KEY"
80-->src\main\AndroidManifest.xml:43:13-58
81            android:value="@string/google_maps_key" />
81-->src\main\AndroidManifest.xml:44:13-52
82
83        <service android:name="com.avances.lima.presentation.utils.MyFirebaseMessagingService" >
83-->src\main\AndroidManifest.xml:48:9-52:19
83-->src\main\AndroidManifest.xml:48:18-95
84            <intent-filter>
84-->src\main\AndroidManifest.xml:49:13-51:29
85                <action android:name="com.google.firebase.MESSAGING_EVENT" />
85-->src\main\AndroidManifest.xml:50:17-78
85-->src\main\AndroidManifest.xml:50:25-75
86            </intent-filter>
87        </service>
88        <service
88-->src\main\AndroidManifest.xml:54:9-55:44
89            android:name="com.avances.lima.presentation.utils.AppKilledService"
89-->src\main\AndroidManifest.xml:54:18-85
90            android:stopWithTask="false" />
90-->src\main\AndroidManifest.xml:55:13-41
91
92        <meta-data
92-->src\main\AndroidManifest.xml:57:9-59:43
93            android:name="com.avances.lima.presentation.utils.GlideConfiguration"
93-->src\main\AndroidManifest.xml:58:13-82
94            android:value="GlideModule" />
94-->src\main\AndroidManifest.xml:59:13-40
95        <meta-data
95-->src\main\AndroidManifest.xml:61:9-62:54
96            android:name="com.facebook.sdk.ApplicationId"
96-->src\main\AndroidManifest.xml:61:20-65
97            android:value="@string/facebook_app_id" />
97-->src\main\AndroidManifest.xml:62:13-52
98
99        <activity
99-->src\main\AndroidManifest.xml:63:9-65:48
100            android:name="com.facebook.FacebookActivity"
100-->src\main\AndroidManifest.xml:63:19-63
101            android:configChanges="keyboard|keyboardHidden|screenLayout|screenSize|orientation"
101-->src\main\AndroidManifest.xml:64:13-97
102            android:label="@string/app_name"
102-->src\main\AndroidManifest.xml:65:13-45
103            android:theme="@style/com_facebook_activity_theme" />
103-->[com.facebook.android:facebook-common:5.8.0] AndroidManifest.xml:32:13-63
104        <activity
104-->src\main\AndroidManifest.xml:66:9-70:104
105            android:name="com.facebook.CustomTabActivity"
105-->src\main\AndroidManifest.xml:66:19-64
106            android:exported="true" >
106-->src\main\AndroidManifest.xml:66:65-88
107            <intent-filter>
107-->src\main\AndroidManifest.xml:67:13-70:92
108                <action android:name="android.intent.action.VIEW" />
108-->src\main\AndroidManifest.xml:67:29-81
108-->src\main\AndroidManifest.xml:67:37-78
109
110                <category android:name="android.intent.category.DEFAULT" />
110-->src\main\AndroidManifest.xml:68:17-76
110-->src\main\AndroidManifest.xml:68:27-73
111                <category android:name="android.intent.category.BROWSABLE" />
111-->src\main\AndroidManifest.xml:69:17-78
111-->src\main\AndroidManifest.xml:69:27-75
112
113                <data android:scheme="@string/fb_login_protocol_scheme" />
113-->src\main\AndroidManifest.xml:70:17-75
113-->src\main\AndroidManifest.xml:70:23-72
114            </intent-filter>
115        </activity>
116
117        <provider
117-->src\main\AndroidManifest.xml:73:9-76:39
118            android:name="com.facebook.FacebookContentProvider"
118-->src\main\AndroidManifest.xml:74:13-64
119            android:authorities="com.facebook.app.FacebookContentProvider566428013549380"
119-->src\main\AndroidManifest.xml:75:13-90
120            android:exported="true" />
120-->src\main\AndroidManifest.xml:76:13-36
121
122        <activity
122-->src\main\AndroidManifest.xml:81:9-83:52
123            android:name="com.avances.lima.presentation.ui.activities.RoutesMapActivity"
123-->src\main\AndroidManifest.xml:82:13-89
124            android:screenOrientation="portrait" />
124-->src\main\AndroidManifest.xml:83:13-49
125        <activity
125-->src\main\AndroidManifest.xml:84:9-86:52
126            android:name="com.avances.lima.presentation.ui.activities.ValidationCodeActivity"
126-->src\main\AndroidManifest.xml:85:13-94
127            android:screenOrientation="portrait" />
127-->src\main\AndroidManifest.xml:86:13-49
128        <activity
128-->src\main\AndroidManifest.xml:87:9-90:52
129            android:name="com.avances.lima.presentation.ui.activities.EditProfileActivity"
129-->src\main\AndroidManifest.xml:88:13-91
130            android:parentActivityName="com.avances.lima.presentation.ui.activities.MainActivity"
130-->src\main\AndroidManifest.xml:89:13-98
131            android:screenOrientation="portrait" />
131-->src\main\AndroidManifest.xml:90:13-49
132        <activity
132-->src\main\AndroidManifest.xml:91:9-94:52
133            android:name="com.avances.lima.presentation.ui.activities.PreferencesActivity"
133-->src\main\AndroidManifest.xml:92:13-91
134            android:parentActivityName="com.avances.lima.presentation.ui.activities.MainActivity"
134-->src\main\AndroidManifest.xml:93:13-98
135            android:screenOrientation="portrait" />
135-->src\main\AndroidManifest.xml:94:13-49
136        <activity
136-->src\main\AndroidManifest.xml:95:9-97:52
137            android:name="com.avances.lima.presentation.ui.activities.RoutesListActivity"
137-->src\main\AndroidManifest.xml:96:13-90
138            android:screenOrientation="portrait" />
138-->src\main\AndroidManifest.xml:97:13-49
139        <activity
139-->src\main\AndroidManifest.xml:98:9-100:52
140            android:name="com.avances.lima.presentation.ui.activities.LoginEmailActivity"
140-->src\main\AndroidManifest.xml:99:13-90
141            android:screenOrientation="portrait" />
141-->src\main\AndroidManifest.xml:100:13-49
142        <activity
142-->src\main\AndroidManifest.xml:101:9-103:52
143            android:name="com.avances.lima.presentation.ui.activities.LoginActivity"
143-->src\main\AndroidManifest.xml:102:13-85
144            android:screenOrientation="portrait" />
144-->src\main\AndroidManifest.xml:103:13-49
145        <activity
145-->src\main\AndroidManifest.xml:104:9-107:52
146            android:name="com.avances.lima.presentation.ui.activities.RegisterUserActivity"
146-->src\main\AndroidManifest.xml:105:13-92
147            android:screenOrientation="portrait"
147-->src\main\AndroidManifest.xml:107:13-49
148            android:windowSoftInputMode="adjustNothing" />
148-->src\main\AndroidManifest.xml:106:13-56
149        <activity
149-->src\main\AndroidManifest.xml:108:9-110:52
150            android:name="com.avances.lima.presentation.ui.activities.ForgotPasswordActivity"
150-->src\main\AndroidManifest.xml:109:13-94
151            android:screenOrientation="portrait" />
151-->src\main\AndroidManifest.xml:110:13-49
152        <activity
152-->src\main\AndroidManifest.xml:111:9-113:52
153            android:name="com.avances.lima.presentation.ui.activities.DistritMapActivity"
153-->src\main\AndroidManifest.xml:112:13-90
154            android:screenOrientation="portrait" />
154-->src\main\AndroidManifest.xml:113:13-49
155        <activity
155-->src\main\AndroidManifest.xml:114:9-117:52
156            android:name="com.avances.lima.presentation.ui.activities.PlaceDetailActivity"
156-->src\main\AndroidManifest.xml:115:13-91
157            android:parentActivityName="com.avances.lima.presentation.ui.activities.MainActivity"
157-->src\main\AndroidManifest.xml:116:13-98
158            android:screenOrientation="portrait" />
158-->src\main\AndroidManifest.xml:117:13-49
159        <activity
159-->src\main\AndroidManifest.xml:119:9-121:52
160            android:name="com.avances.lima.presentation.ui.activities.CompleteInfoActivity"
160-->src\main\AndroidManifest.xml:120:13-92
161            android:screenOrientation="portrait" />
161-->src\main\AndroidManifest.xml:121:13-49
162        <activity
162-->src\main\AndroidManifest.xml:123:9-126:58
163            android:name="com.avances.lima.presentation.ui.activities.MainActivity"
163-->src\main\AndroidManifest.xml:124:13-84
164            android:screenOrientation="portrait"
164-->src\main\AndroidManifest.xml:125:13-49
165            android:windowSoftInputMode="adjustNothing" />
165-->src\main\AndroidManifest.xml:126:13-56
166        <activity
166-->src\main\AndroidManifest.xml:127:9-136:20
167            android:name="com.avances.lima.presentation.ui.activities.Splash"
167-->src\main\AndroidManifest.xml:128:13-78
168            android:screenOrientation="portrait"
168-->src\main\AndroidManifest.xml:129:13-49
169            android:windowSoftInputMode="adjustPan" >
169-->src\main\AndroidManifest.xml:130:13-52
170            <intent-filter>
170-->src\main\AndroidManifest.xml:131:13-135:29
171                <action android:name="android.intent.action.MAIN" />
171-->src\main\AndroidManifest.xml:132:17-69
171-->src\main\AndroidManifest.xml:132:25-66
172
173                <category android:name="android.intent.category.LAUNCHER" />
173-->src\main\AndroidManifest.xml:134:17-77
173-->src\main\AndroidManifest.xml:134:27-74
174            </intent-filter>
175        </activity>
176        <activity
176-->[com.journeyapps:zxing-android-embedded:3.4.0] AndroidManifest.xml:46:9-52:63
177            android:name="com.journeyapps.barcodescanner.CaptureActivity"
177-->[com.journeyapps:zxing-android-embedded:3.4.0] AndroidManifest.xml:47:13-74
178            android:clearTaskOnLaunch="true"
178-->[com.journeyapps:zxing-android-embedded:3.4.0] AndroidManifest.xml:48:13-45
179            android:screenOrientation="sensorLandscape"
179-->[com.journeyapps:zxing-android-embedded:3.4.0] AndroidManifest.xml:49:13-56
180            android:stateNotNeeded="true"
180-->[com.journeyapps:zxing-android-embedded:3.4.0] AndroidManifest.xml:50:13-42
181            android:theme="@style/zxing_CaptureTheme"
181-->[com.journeyapps:zxing-android-embedded:3.4.0] AndroidManifest.xml:51:13-54
182            android:windowSoftInputMode="stateAlwaysHidden" />
182-->[com.journeyapps:zxing-android-embedded:3.4.0] AndroidManifest.xml:52:13-60
183        <activity android:name="com.facebook.CustomTabMainActivity" />
183-->[com.facebook.android:facebook-common:5.8.0] AndroidManifest.xml:33:9-71
183-->[com.facebook.android:facebook-common:5.8.0] AndroidManifest.xml:33:19-68
184
185        <service
185-->[com.google.firebase:firebase-inappmessaging-display:17.1.1] AndroidManifest.xml:15:9-19:19
186            android:name="com.google.firebase.components.ComponentDiscoveryService"
186-->[com.google.firebase:firebase-inappmessaging-display:17.1.1] AndroidManifest.xml:15:18-89
187            android:exported="false" >
187-->[com.google.firebase:firebase-auth:17.0.0] AndroidManifest.xml:35:13-37
188            <meta-data
188-->[com.google.firebase:firebase-inappmessaging-display:17.1.1] AndroidManifest.xml:16:13-18:85
189                android:name="com.google.firebase.components:com.google.firebase.inappmessaging.display.FirebaseInAppMessagingDisplayRegistrar"
189-->[com.google.firebase:firebase-inappmessaging-display:17.1.1] AndroidManifest.xml:17:17-144
190                android:value="com.google.firebase.components.ComponentRegistrar" />
190-->[com.google.firebase:firebase-inappmessaging-display:17.1.1] AndroidManifest.xml:18:17-82
191            <meta-data
191-->[com.google.firebase:firebase-inappmessaging:17.1.1] AndroidManifest.xml:15:13-17:85
192                android:name="com.google.firebase.components:com.google.firebase.inappmessaging.FirebaseInAppMessagingRegistrar"
192-->[com.google.firebase:firebase-inappmessaging:17.1.1] AndroidManifest.xml:16:17-129
193                android:value="com.google.firebase.components.ComponentRegistrar" />
193-->[com.google.firebase:firebase-inappmessaging:17.1.1] AndroidManifest.xml:17:17-82
194            <meta-data
194-->[com.google.firebase:firebase-database:16.1.0] AndroidManifest.xml:30:13-32:85
195                android:name="com.google.firebase.components:com.google.firebase.database.DatabaseRegistrar"
195-->[com.google.firebase:firebase-database:16.1.0] AndroidManifest.xml:31:17-109
196                android:value="com.google.firebase.components.ComponentRegistrar" />
196-->[com.google.firebase:firebase-database:16.1.0] AndroidManifest.xml:32:17-82
197            <meta-data
197-->[com.google.firebase:firebase-storage:18.0.0] AndroidManifest.xml:31:13-33:85
198                android:name="com.google.firebase.components:com.google.firebase.storage.StorageRegistrar"
198-->[com.google.firebase:firebase-storage:18.0.0] AndroidManifest.xml:32:17-107
199                android:value="com.google.firebase.components.ComponentRegistrar" />
199-->[com.google.firebase:firebase-storage:18.0.0] AndroidManifest.xml:33:17-82
200            <meta-data
200-->[com.google.firebase:firebase-config:16.4.1] AndroidManifest.xml:9:13-11:85
201                android:name="com.google.firebase.components:com.google.firebase.remoteconfig.RemoteConfigRegistrar"
201-->[com.google.firebase:firebase-config:16.4.1] AndroidManifest.xml:10:17-117
202                android:value="com.google.firebase.components.ComponentRegistrar" />
202-->[com.google.firebase:firebase-config:16.4.1] AndroidManifest.xml:11:17-82
203            <meta-data
203-->[com.google.firebase:firebase-auth:17.0.0] AndroidManifest.xml:36:13-38:85
204                android:name="com.google.firebase.components:com.google.firebase.auth.FirebaseAuthRegistrar"
204-->[com.google.firebase:firebase-auth:17.0.0] AndroidManifest.xml:37:17-109
205                android:value="com.google.firebase.components.ComponentRegistrar" />
205-->[com.google.firebase:firebase-auth:17.0.0] AndroidManifest.xml:38:17-82
206            <meta-data
206-->[com.google.firebase:firebase-firestore:20.2.0] AndroidManifest.xml:20:13-22:85
207                android:name="com.google.firebase.components:com.google.firebase.firestore.FirestoreRegistrar"
207-->[com.google.firebase:firebase-firestore:20.2.0] AndroidManifest.xml:21:17-111
208                android:value="com.google.firebase.components.ComponentRegistrar" />
208-->[com.google.firebase:firebase-firestore:20.2.0] AndroidManifest.xml:22:17-82
209            <meta-data
209-->[com.google.android.gms:play-services-measurement-api:16.4.0] AndroidManifest.xml:30:13-32:85
210                android:name="com.google.firebase.components:com.google.firebase.analytics.connector.internal.AnalyticsConnectorRegistrar"
210-->[com.google.android.gms:play-services-measurement-api:16.4.0] AndroidManifest.xml:31:17-139
211                android:value="com.google.firebase.components.ComponentRegistrar" />
211-->[com.google.android.gms:play-services-measurement-api:16.4.0] AndroidManifest.xml:32:17-82
212            <meta-data
212-->[com.google.firebase:firebase-iid:18.0.0] AndroidManifest.xml:32:13-34:85
213                android:name="com.google.firebase.components:com.google.firebase.iid.Registrar"
213-->[com.google.firebase:firebase-iid:18.0.0] AndroidManifest.xml:33:17-96
214                android:value="com.google.firebase.components.ComponentRegistrar" />
214-->[com.google.firebase:firebase-iid:18.0.0] AndroidManifest.xml:34:17-82
215            <meta-data
215-->[com.google.firebase:firebase-abt:17.1.0] AndroidManifest.xml:9:13-11:85
216                android:name="com.google.firebase.components:com.google.firebase.abt.component.AbtRegistrar"
216-->[com.google.firebase:firebase-abt:17.1.0] AndroidManifest.xml:10:17-109
217                android:value="com.google.firebase.components.ComponentRegistrar" />
217-->[com.google.firebase:firebase-abt:17.1.0] AndroidManifest.xml:11:17-82
218        </service> <!-- Needs to be explicitly declared on P+ -->
219        <uses-library
219-->[com.google.android.gms:play-services-maps:16.1.0] AndroidManifest.xml:33:9-35:40
220            android:name="org.apache.http.legacy"
220-->[com.google.android.gms:play-services-maps:16.1.0] AndroidManifest.xml:34:13-50
221            android:required="false" />
221-->[com.google.android.gms:play-services-maps:16.1.0] AndroidManifest.xml:35:13-37
222
223        <activity
223-->[com.google.android.gms:play-services-auth:17.0.0] AndroidManifest.xml:23:9-27:75
224            android:name="com.google.android.gms.auth.api.signin.internal.SignInHubActivity"
224-->[com.google.android.gms:play-services-auth:17.0.0] AndroidManifest.xml:24:13-93
225            android:excludeFromRecents="true"
225-->[com.google.android.gms:play-services-auth:17.0.0] AndroidManifest.xml:25:13-46
226            android:exported="false"
226-->[com.google.android.gms:play-services-auth:17.0.0] AndroidManifest.xml:26:13-37
227            android:theme="@android:style/Theme.Translucent.NoTitleBar" />
227-->[com.google.android.gms:play-services-auth:17.0.0] AndroidManifest.xml:27:13-72
228        <!--
229            Service handling Google Sign-In user revocation. For apps that do not integrate with
230            Google Sign-In, this service will never be started.
231        -->
232        <service
232-->[com.google.android.gms:play-services-auth:17.0.0] AndroidManifest.xml:33:9-36:110
233            android:name="com.google.android.gms.auth.api.signin.RevocationBoundService"
233-->[com.google.android.gms:play-services-auth:17.0.0] AndroidManifest.xml:34:13-89
234            android:exported="true"
234-->[com.google.android.gms:play-services-auth:17.0.0] AndroidManifest.xml:35:13-36
235            android:permission="com.google.android.gms.auth.api.signin.permission.REVOCATION_NOTIFICATION" />
235-->[com.google.android.gms:play-services-auth:17.0.0] AndroidManifest.xml:36:13-107
236
237        <provider
237-->[com.mapbox.mapboxsdk:mapbox-android-telemetry:4.5.1] AndroidManifest.xml:19:9-23:39
238            android:name="com.mapbox.android.telemetry.provider.MapboxTelemetryInitProvider"
238-->[com.mapbox.mapboxsdk:mapbox-android-telemetry:4.5.1] AndroidManifest.xml:20:13-93
239            android:authorities="com.avances.lima.mapboxtelemetryinitprovider"
239-->[com.mapbox.mapboxsdk:mapbox-android-telemetry:4.5.1] AndroidManifest.xml:21:13-79
240            android:exported="false"
240-->[com.mapbox.mapboxsdk:mapbox-android-telemetry:4.5.1] AndroidManifest.xml:22:13-37
241            android:initOrder="100" />
241-->[com.mapbox.mapboxsdk:mapbox-android-telemetry:4.5.1] AndroidManifest.xml:23:13-36
242
243        <service
243-->[com.mapbox.mapboxsdk:mapbox-android-telemetry:4.5.1] AndroidManifest.xml:25:9-27:72
244            android:name="com.mapbox.android.telemetry.crash.CrashReporterJobIntentService"
244-->[com.mapbox.mapboxsdk:mapbox-android-telemetry:4.5.1] AndroidManifest.xml:26:13-92
245            android:permission="android.permission.BIND_JOB_SERVICE" />
245-->[com.mapbox.mapboxsdk:mapbox-android-telemetry:4.5.1] AndroidManifest.xml:27:13-69
246
247        <provider
247-->[com.github.jkwiecien:EasyImage:2.1.0] AndroidManifest.xml:12:9-20:20
248            android:name="pl.aprilapps.easyphotopicker.ExtendedFileProvider"
248-->[com.github.jkwiecien:EasyImage:2.1.0] AndroidManifest.xml:13:13-77
249            android:authorities="com.avances.lima.easyphotopicker.fileprovider"
249-->[com.github.jkwiecien:EasyImage:2.1.0] AndroidManifest.xml:14:13-80
250            android:exported="false"
250-->[com.github.jkwiecien:EasyImage:2.1.0] AndroidManifest.xml:15:13-37
251            android:grantUriPermissions="true" >
251-->[com.github.jkwiecien:EasyImage:2.1.0] AndroidManifest.xml:16:13-47
252            <meta-data
252-->[com.github.jkwiecien:EasyImage:2.1.0] AndroidManifest.xml:17:13-19:53
253                android:name="android.support.FILE_PROVIDER_PATHS"
253-->[com.github.jkwiecien:EasyImage:2.1.0] AndroidManifest.xml:18:17-67
254                android:resource="@xml/filepaths" />
254-->[com.github.jkwiecien:EasyImage:2.1.0] AndroidManifest.xml:19:17-50
255        </provider>
256
257        <activity
257-->[com.google.firebase:firebase-auth:17.0.0] AndroidManifest.xml:24:9-31:50
258            android:name="com.google.firebase.auth.internal.FederatedSignInActivity"
258-->[com.google.firebase:firebase-auth:17.0.0] AndroidManifest.xml:25:13-85
259            android:excludeFromRecents="true"
259-->[com.google.firebase:firebase-auth:17.0.0] AndroidManifest.xml:26:13-46
260            android:exported="true"
260-->[com.google.firebase:firebase-auth:17.0.0] AndroidManifest.xml:27:13-36
261            android:launchMode="singleTask"
261-->[com.google.firebase:firebase-auth:17.0.0] AndroidManifest.xml:28:13-44
262            android:permission="com.google.firebase.auth.api.gms.permission.LAUNCH_FEDERATED_SIGN_IN"
262-->[com.google.firebase:firebase-auth:17.0.0] AndroidManifest.xml:29:13-102
263            android:theme="@android:style/Theme.Translucent.NoTitleBar" />
263-->[com.google.firebase:firebase-auth:17.0.0] AndroidManifest.xml:30:13-72
264        <!--
265             FirebaseMessagingService performs security checks at runtime,
266             but set to not exported to explicitly avoid allowing another app to call it.
267        -->
268        <service
268-->[com.google.firebase:firebase-messaging:18.0.0] AndroidManifest.xml:28:9-34:19
269            android:name="com.google.firebase.messaging.FirebaseMessagingService"
269-->[com.google.firebase:firebase-messaging:18.0.0] AndroidManifest.xml:29:13-82
270            android:exported="false" >
270-->[com.google.firebase:firebase-messaging:18.0.0] AndroidManifest.xml:30:13-37
271            <intent-filter android:priority="-500" >
271-->src\main\AndroidManifest.xml:49:13-51:29
272                <action android:name="com.google.firebase.MESSAGING_EVENT" />
272-->src\main\AndroidManifest.xml:50:17-78
272-->src\main\AndroidManifest.xml:50:25-75
273            </intent-filter>
274        </service>
275
276        <receiver
276-->[com.google.firebase:firebase-iid:18.0.0] AndroidManifest.xml:37:9-44:20
277            android:name="com.google.firebase.iid.FirebaseInstanceIdReceiver"
277-->[com.google.firebase:firebase-iid:18.0.0] AndroidManifest.xml:38:13-78
278            android:exported="true"